Arguments: 
  C:\Program Files\nodejs\node.exe C:\Users\NULL\AppData\Roaming\npm\node_modules\yarn\bin\yarn.js add prittier

PATH: 
  C:\Python27\;C:\Python27\Scripts;C:\ProgramData\Oracle\Java\javapath;C:\WINDOWS\system32;C:\WINDOWS;C:\WINDOWS\System32\Wbem;C:\WINDOWS\System32\WindowsPowerShell\v1.0\;C:\Program Files\Git\cmd;E:\Programming\Gradle\gradle-5.4.1-bin\gradle-5.4.1\bin;C:\Program Files\Microsoft SQL Server\Client SDK\ODBC\130\Tools\Binn\;C:\Program Files (x86)\Microsoft SQL Server\140\Tools\Binn\;C:\Program Files\Microsoft SQL Server\140\Tools\Binn\;C:\Program Files\Microsoft SQL Server\140\DTS\Binn\;C:\WINDOWS\System32\OpenSSH\;C:\Users\NULL\AppData\Local\Microsoft\WindowsApps;C:\Program Files\JetBrains\IntelliJ IDEA 2019.1.3\bin;C:\Users\NULL\AppData\Local\Programs\Microsoft VS Code\bin;C:\Program Files\Java\jdk-11.0.3\bin, D:\php-7.3.6;C:\Program Files\MySQL\MySQL Server 8.0\bin;C:\Program Files\nodejs\;C:\ProgramData\chocolatey\bin;C:\Users\NULL\AppData\Local\Microsoft\WindowsApps;C:\Program Files\JetBrains\IntelliJ IDEA 2019.1.3\bin;;C:\Users\NULL\AppData\Local\Programs\Microsoft VS Code\bin;C:\Program Files\Java\jdk-11.0.3\bin;E:\Programming\Gradle\gradle-5.4.1-bin\gradle-5.4.1\bin;C:\Program Files\MySQL\MySQL Server 8.0\bin;C:\Users\NULL\AppData\Roaming\npm;C:\Program Files\modeltech64_10.5\win64;C:\Program Files\modeltech64_10.5\win64;C:\Program Files\modelsim\win64;C:\Users\NULL\Documents\flex-2.5.4a-1-bin\bin;C:\MinGW\bin;;C:\Program Files\JetBrains\WebStorm 2019.3\bin;

Yarn version: 
  1.21.1

Node version: 
  12.8.0

Platform: 
  win32 x64

Trace: 
  Error: https://registry.yarnpkg.com/prittier: Not found
      at Request.params.callback [as _callback] (C:\Users\NULL\AppData\Roaming\npm\node_modules\yarn\lib\cli.js:66947:18)
      at Request.self.callback (C:\Users\NULL\AppData\Roaming\npm\node_modules\yarn\lib\cli.js:140665:22)
      at Request.emit (events.js:203:13)
      at Request.<anonymous> (C:\Users\NULL\AppData\Roaming\npm\node_modules\yarn\lib\cli.js:141637:10)
      at Request.emit (events.js:203:13)
      at IncomingMessage.<anonymous> (C:\Users\NULL\AppData\Roaming\npm\node_modules\yarn\lib\cli.js:141559:12)
      at Object.onceWrapper (events.js:291:20)
      at IncomingMessage.emit (events.js:208:15)
      at endReadableNT (_stream_readable.js:1168:12)
      at processTicksAndRejections (internal/process/task_queues.js:77:11)

npm manifest: 
  No manifest

yarn manifest: 
  No manifest

Lockfile: 
  No lockfile
